2020-06-22 18:48:26,551 __main__ 2:INFO Plot AAPL candlestick
2020-06-22 18:48:28,263 __main__ 2:INFO Plot AAPL cummulative returns
2020-06-22 18:48:33,624 __main__ 83:INFO Training DQL
2020-06-22 18:48:33,625 __main__ 95:DEBUG Running episode 0 with 245 steps
2020-06-22 18:52:28,301 __main__ 83:INFO Training DQL
2020-06-22 18:52:28,303 __main__ 95:DEBUG Running episode 0 with 245 steps
2020-06-22 19:37:38,273 __main__ 83:INFO Training DQL
2020-06-22 19:37:38,275 __main__ 95:DEBUG Running episode 0 with 245 steps
2020-06-22 19:40:54,037 __main__ 83:INFO Training DQL
2020-06-22 19:40:54,039 __main__ 95:DEBUG Running episode 0 with 245 steps
2020-06-22 19:41:43,906 __main__ 83:INFO Training DQL
2020-06-22 19:41:43,907 __main__ 95:DEBUG Running episode 0 with 245 steps
2020-06-22 19:42:30,213 __main__ 83:INFO Training DQL
2020-06-22 19:42:30,216 __main__ 95:DEBUG Running episode 0 with 245 steps
2020-06-22 19:45:28,271 __main__ 83:INFO Training DQL
2020-06-22 19:45:28,274 __main__ 95:DEBUG Running episode 0 with 245 steps
2020-06-22 19:48:40,276 __main__ 157:INFO Training DQL with target network
2020-06-22 19:48:40,279 __main__ 169:DEBUG Running episode 0 with 119 steps
2020-06-22 19:49:09,273 __main__ 83:INFO Training DQL
2020-06-22 19:49:09,276 __main__ 95:DEBUG Running episode 0 with 245 steps
2020-06-22 19:50:35,163 __main__ 83:INFO Training DQL
2020-06-22 19:50:35,165 __main__ 95:DEBUG Running episode 0 with 245 steps
2020-06-22 19:51:27,896 __main__ 83:INFO Training DQL
2020-06-22 19:51:27,898 __main__ 95:DEBUG Running episode 0 with 245 steps
2020-06-22 20:08:06,400 __main__ 83:INFO Training DQL
2020-06-22 20:08:06,403 __main__ 95:DEBUG Running episode 0 with 245 steps
2020-06-22 20:13:01,606 __main__ 83:INFO Training DQL
2020-06-22 20:13:01,608 __main__ 95:DEBUG Running episode 0 with 245 steps
2020-06-22 20:20:59,537 __main__ 83:INFO Training DQL
2020-06-22 20:20:59,540 __main__ 95:DEBUG Running episode 0 with 245 steps
2020-06-22 20:23:54,617 __main__ 83:INFO Training DQL
2020-06-22 20:23:54,619 __main__ 95:DEBUG Running episode 0 with 245 steps
2020-06-22 20:27:08,242 __main__ 83:INFO Training DQL
2020-06-22 20:27:08,244 __main__ 95:DEBUG Running episode 0 with 245 steps
2020-06-22 20:28:07,793 __main__ 157:INFO Training DQL with target network
2020-06-22 20:28:07,794 __main__ 169:DEBUG Running episode 0 with 245 steps
2020-06-22 20:29:11,774 __main__ 157:INFO Training DQL with target network
2020-06-22 20:29:11,775 __main__ 169:DEBUG Running episode 0 with 245 steps
2020-06-22 20:30:07,459 __main__ 83:INFO Training DQL
2020-06-22 20:30:07,460 __main__ 95:DEBUG Running episode 0 with 248 steps
2020-06-22 21:03:17,740 __main__ 83:INFO Training DQL
2020-06-22 21:03:17,742 __main__ 95:DEBUG Running episode 0 with 245 steps
2020-06-22 21:16:34,569 __main__ 157:INFO Training DQL with target network
2020-06-22 21:16:34,886 __main__ 169:DEBUG Running episode 0 with 245 steps
